{"level":"error","message":"Mon Aug 05 2024 GET /login"}
{"level":"error","message":"Mon Aug 05 2024 GET /static/css/index.css"}
{"level":"error","message":"Mon Aug 05 2024 GET /favicon.ico"}
{"level":"error","message":"Mon Aug 05 2024 GET /api/sessions/ghlogin"}
{"level":"error","message":"Mon Aug 05 2024 GET /api/sessions/ghlogincallback?code=113bf6fa541f1c9ea4b4"}
{"level":"error","message":"Mon Aug 05 2024 GET /products"}
{"level":"error","message":"Mon Aug 05 2024 GET /static/css/index.css"}
{"level":"error","message":"Mon Aug 05 2024 GET /api/carts/6692fd8fb92ea5609d53d1fe"}
{"level":"error","message":"Mon Aug 05 2024 GET /static/css/index.css"}
{"level":"error","message":"Mon Aug 05 2024 GET /products"}
{"level":"error","message":"Mon Aug 05 2024 GET /static/css/index.css"}
{"level":"error","message":"Mon Aug 05 2024 POST /api/carts/6692fd8fb92ea5609d53d1fe/product/6655f0866c9883b13800f516"}
{"level":"error","message":"Mon Aug 05 2024 GET /api/carts/6692fd8fb92ea5609d53d1fe"}
{"level":"error","message":"Mon Aug 05 2024 GET /static/css/index.css"}
{"level":"error","message":"Mon Aug 05 2024 DELETE /api/carts/6692fd8fb92ea5609d53d1fe/product/6655f0866c9883b13800f516"}
{"level":"error","message":"Mon Aug 05 2024 GET /api/carts/6692fd8fb92ea5609d53d1fe"}
{"level":"error","message":"Mon Aug 05 2024 GET /static/css/index.css"}
{"level":"error","message":"Mon Aug 05 2024 GET /api/carts/6692fd8fb92ea5609d53d1fe"}
{"level":"error","message":"Mon Aug 05 2024 GET /static/css/index.css"}
{"level":"error","message":"Mon Aug 05 2024 GET /products"}
{"level":"error","message":"Mon Aug 05 2024 GET /static/css/index.css"}
{"level":"error","message":"Mon Aug 05 2024 POST /api/carts/6692fd8fb92ea5609d53d1fe/product/6655f0866c9883b13800f517"}
{"level":"error","message":"Mon Aug 05 2024 POST /api/carts/6692fd8fb92ea5609d53d1fe/product/6655f0866c9883b13800f518"}
{"level":"error","message":"Mon Aug 05 2024 POST /api/carts/6692fd8fb92ea5609d53d1fe/product/6655f0866c9883b13800f51d"}
{"level":"error","message":"Mon Aug 05 2024 GET /api/carts/6692fd8fb92ea5609d53d1fe"}
{"level":"error","message":"Mon Aug 05 2024 GET /static/css/index.css"}
{"level":"error","message":"Mon Aug 05 2024 DELETE /api/carts/6692fd8fb92ea5609d53d1fe"}
{"level":"error","message":"Mon Aug 05 2024 GET /api/carts/6692fd8fb92ea5609d53d1fe"}
{"level":"error","message":"Mon Aug 05 2024 GET /static/css/index.css"}
{"level":"error","message":"Mon Aug 05 2024 GET /products"}
{"level":"error","message":"Mon Aug 05 2024 GET /static/css/index.css"}
{"level":"error","message":"Mon Aug 05 2024 GET /products"}
{"level":"error","message":"Mon Aug 05 2024 GET /login"}
{"level":"error","message":"Mon Aug 05 2024 GET /static/css/index.css"}
{"level":"error","message":"Mon Aug 05 2024 GET /login"}
{"level":"error","message":"Mon Aug 05 2024 GET /static/css/index.css"}
{"level":"error","message":"Mon Aug 05 2024 GET /api/sessions/mail"}
{"level":"error","message":"Mon Aug 05 2024 GET /api/sessions/mail"}
{"level":"error","message":"Mon Aug 05 2024 GET /favicon.ico"}
{"level":"error","message":"Mon Aug 05 2024 GET /api/sessions/mail"}
{"level":"error","message":"Mon Aug 05 2024 GET /api/sessions/mail"}
{"level":"error","message":"Mon Aug 05 2024 GET /login"}
{"level":"error","message":"Mon Aug 05 2024 GET /static/css/index.css"}
{"level":"error","message":"Mon Aug 05 2024 GET /login"}
{"level":"error","message":"Mon Aug 05 2024 GET /static/css/index.css"}
{"level":"error","message":"Mon Aug 05 2024 GET /login"}
{"level":"error","message":"Mon Aug 05 2024 GET /static/css/index.css"}
{"level":"error","message":"Mon Aug 05 2024 GET /login"}
{"level":"error","message":"Mon Aug 05 2024 GET /static/css/index.css"}
{"level":"error","message":"Mon Aug 05 2024 GET /login"}
{"level":"error","message":"Mon Aug 05 2024 GET /static/css/index.css"}
{"level":"error","message":"Mon Aug 05 2024 GET /login"}
{"level":"error","message":"Mon Aug 05 2024 GET /static/css/index.css"}
{"level":"error","message":"Mon Aug 05 2024 GET /email"}
{"level":"error","message":"Mon Aug 05 2024 GET /login"}
{"level":"error","message":"Mon Aug 05 2024 GET /static/css/index.css"}
{"level":"error","message":"Mon Aug 05 2024 GET /email"}
{"level":"error","message":"Mon Aug 05 2024 GET /email"}
{"level":"error","message":"Mon Aug 05 2024 GET /login"}
{"level":"error","message":"Mon Aug 05 2024 GET /static/css/index.css"}
{"level":"error","message":"Mon Aug 05 2024 GET /api/session/email"}
{"level":"error","message":"Mon Aug 05 2024 GET /login"}
{"level":"error","message":"Mon Aug 05 2024 GET /static/css/index.css"}
{"level":"error","message":"Mon Aug 05 2024 GET /api/sessions/email"}
{"level":"error","message":"Mon Aug 05 2024 GET /api/sessions/email"}
{"level":"error","message":"Mon Aug 05 2024 GET /login"}
{"level":"error","message":"Mon Aug 05 2024 GET /static/css/index.css"}
{"level":"error","message":"Mon Aug 05 2024 GET /api/sessions/email"}
{"level":"error","message":"Mon Aug 05 2024 GET /resetPassword"}
{"level":"error","message":"Mon Aug 05 2024 GET /resetPassword"}
{"level":"error","message":"Mon Aug 05 2024 GET /resetPassword"}
{"level":"error","message":"Mon Aug 05 2024 GET /reset-Password"}
{"level":"error","message":"Mon Aug 05 2024 GET /static/css/index.css"}
{"level":"error","message":"Mon Aug 05 2024 GET /login"}
{"level":"error","message":"Mon Aug 05 2024 GET /static/css/index.css"}
{"level":"error","message":"Mon Aug 05 2024 GET /api/sessions/email"}
{"level":"error","message":"Mon Aug 05 2024 GET /reset-password"}
{"level":"error","message":"Mon Aug 05 2024 GET /static/css/index.css"}
{"level":"error","message":"Mon Aug 05 2024 GET /reset-Password"}
{"level":"error","message":"Mon Aug 05 2024 GET /static/css/index.css"}
{"level":"error","message":"Mon Aug 05 2024 GET /reset-password"}
{"level":"error","message":"Mon Aug 05 2024 GET /static/css/index.css"}
{"level":"error","message":"Mon Aug 05 2024 GET /reset-password"}
{"level":"error","message":"Mon Aug 05 2024 GET /static/css/index.css"}
{"level":"error","message":"Mon Aug 05 2024 GET /reset-password"}
{"level":"error","message":"Mon Aug 05 2024 GET /static/css/index.css"}
{"level":"error","message":"Mon Aug 05 2024 GET /login"}
{"level":"error","message":"Mon Aug 05 2024 GET /static/css/index.css"}
{"level":"error","message":"Mon Aug 05 2024 GET /api/sessions/email"}
{"level":"error","message":"Mon Aug 05 2024 GET /login"}
{"level":"error","message":"Mon Aug 05 2024 GET /static/css/index.css"}
{"level":"error","message":"Mon Aug 05 2024 GET /api/sessions/email"}
{"level":"error","message":"Mon Aug 05 2024 GET /path/to/your/bootstrap.css"}
{"level":"error","message":"Mon Aug 05 2024 GET /static/css/index.css"}
{"level":"error","message":"Mon Aug 05 2024 GET /"}
{"level":"error","message":"Mon Aug 05 2024 GET /login"}
{"level":"error","message":"Mon Aug 05 2024 GET /static/css/index.css"}
{"level":"error","message":"Mon Aug 05 2024 GET /"}
{"level":"error","message":"Mon Aug 05 2024 GET /login"}
{"level":"error","message":"Mon Aug 05 2024 GET /static/css/index.css"}
{"level":"error","message":"Mon Aug 05 2024 GET /api/sessions/email"}
{"level":"error","message":"Mon Aug 05 2024 GET /path/to/your/bootstrap.css"}
{"level":"error","message":"Mon Aug 05 2024 GET /static/css/index.css"}
{"level":"error","message":"Mon Aug 05 2024 GET /login"}
{"level":"error","message":"Mon Aug 05 2024 GET /static/css/index.css"}
{"level":"error","message":"Mon Aug 05 2024 GET /api/sessions/email"}
{"level":"error","message":"Mon Aug 05 2024 GET /static/css/index.css"}
{"level":"error","message":"Mon Aug 05 2024 GET /path/to/your/bootstrap.css"}
{"level":"error","message":"Mon Aug 05 2024 GET /login"}
{"level":"error","message":"Mon Aug 05 2024 GET /static/css/index.css"}
{"level":"error","message":"Mon Aug 05 2024 POST /update-password"}
{"level":"error","message":"Mon Aug 05 2024 GET /login"}
{"level":"error","message":"Mon Aug 05 2024 GET /static/css/index.css"}
{"level":"error","message":"Mon Aug 05 2024 GET /api/sessions/mail"}
{"level":"error","message":"Mon Aug 05 2024 GET /api/sessions/email"}
{"level":"error","message":"Mon Aug 05 2024 GET /path/to/your/bootstrap.css"}
{"level":"error","message":"Mon Aug 05 2024 GET /static/css/index.css"}
{"level":"error","message":"Mon Aug 05 2024 GET /login"}
{"level":"error","message":"Mon Aug 05 2024 GET /static/css/index.css"}
{"level":"error","message":"Mon Aug 05 2024 GET /reset-Password"}
{"level":"error","message":"Mon Aug 05 2024 GET /static/css/index.css"}
{"level":"error","message":"Wed Aug 07 2024 GET /login"}
{"level":"error","message":"Wed Aug 07 2024 GET /static/css/index.css"}
{"level":"error","message":"Wed Aug 07 2024 GET /api/sessions/email"}
{"level":"error","message":"Wed Aug 07 2024 GET /static/css/index.css"}
{"level":"error","message":"Wed Aug 07 2024 GET /login"}
{"level":"error","message":"Wed Aug 07 2024 GET /static/css/index.css"}
{"level":"error","message":"Wed Aug 07 2024 GET /login"}
{"level":"error","message":"Wed Aug 07 2024 GET /static/css/index.css"}
{"level":"error","message":"Wed Aug 07 2024 GET /api/sessions/email"}
{"level":"error","message":"Wed Aug 07 2024 GET /api/sessions/email"}
{"level":"error","message":"Wed Aug 07 2024 GET /static/css/index.css"}
{"level":"error","message":"Wed Aug 07 2024 GET /login"}
{"level":"error","message":"Wed Aug 07 2024 GET /static/css/index.css"}
{"level":"error","message":"Wed Aug 07 2024 GET /api/sessions/request-email"}
{"level":"error","message":"Wed Aug 07 2024 GET /static/css/index.css"}
{"level":"error","message":"Wed Aug 07 2024 GET /api/sessions/request-email"}
{"level":"error","message":"Wed Aug 07 2024 GET /static/css/index.css"}
{"level":"error","message":"Wed Aug 07 2024 GET /api/sessions/request-email"}
{"level":"error","message":"Wed Aug 07 2024 GET /static/css/index.css"}
{"level":"error","message":"Wed Aug 07 2024 POST /email"}
{"level":"error","message":"Wed Aug 07 2024 GET /login"}
{"level":"error","message":"Wed Aug 07 2024 GET /static/css/index.css"}
{"level":"error","message":"Wed Aug 07 2024 GET /api/sessions/request-email"}
{"level":"error","message":"Wed Aug 07 2024 GET /static/css/index.css"}
{"level":"error","message":"Wed Aug 07 2024 POST /api/sessions/api/sessions/email"}
{"level":"error","message":"Wed Aug 07 2024 GET /login"}
{"level":"error","message":"Wed Aug 07 2024 GET /static/css/index.css"}
{"level":"error","message":"Wed Aug 07 2024 GET /api/sessions/request-email"}
{"level":"error","message":"Wed Aug 07 2024 GET /static/css/index.css"}
{"level":"error","message":"Wed Aug 07 2024 POST /email"}
{"level":"error","message":"Wed Aug 07 2024 GET /login"}
{"level":"error","message":"Wed Aug 07 2024 GET /static/css/index.css"}
{"level":"error","message":"Wed Aug 07 2024 GET /api/sessions/request-email"}
{"level":"error","message":"Wed Aug 07 2024 GET /static/css/index.css"}
{"level":"error","message":"Wed Aug 07 2024 POST /api/sessions/api/sessions/email"}
{"level":"error","message":"Wed Aug 07 2024 GET /login"}
{"level":"error","message":"Wed Aug 07 2024 GET /static/css/index.css"}
{"level":"error","message":"Wed Aug 07 2024 GET /api/sessions/request-email"}
{"level":"error","message":"Wed Aug 07 2024 GET /static/css/index.css"}
{"level":"error","message":"Wed Aug 07 2024 POST /api/sessions/email"}
{"level":"error","message":"Wed Aug 07 2024 GET /static/css/index.css"}
{"level":"error","message":"Wed Aug 07 2024 GET /login"}
{"level":"error","message":"Wed Aug 07 2024 GET /static/css/index.css"}
{"level":"error","message":"Wed Aug 07 2024 GET /api/sessions/request-email"}
{"level":"error","message":"Wed Aug 07 2024 GET /static/css/index.css"}
{"level":"error","message":"Wed Aug 07 2024 POST /api/sessions/email"}
{"level":"error","message":"Wed Aug 07 2024 GET /static/css/index.css"}
{"level":"error","message":"Wed Aug 07 2024 GET /login"}
{"level":"error","message":"Wed Aug 07 2024 GET /static/css/index.css"}
{"level":"error","message":"Wed Aug 07 2024 GET /api/sessions/request-email"}
{"level":"error","message":"Wed Aug 07 2024 GET /static/css/index.css"}
{"level":"error","message":"Wed Aug 07 2024 POST /api/sessions/email"}
{"level":"error","message":"Wed Aug 07 2024 GET /static/css/index.css"}
{"level":"error","message":"Wed Aug 07 2024 GET /login"}
{"level":"error","message":"Wed Aug 07 2024 GET /static/css/index.css"}
{"level":"error","message":"Thu Aug 08 2024 GET /login"}
{"level":"error","message":"Thu Aug 08 2024 GET /static/css/index.css"}
{"level":"error","message":"Thu Aug 08 2024 GET /favicon.ico"}
{"level":"error","message":"Thu Aug 08 2024 GET /api/reset-password/request-email"}
{"level":"error","message":"Thu Aug 08 2024 GET /static/css/index.css"}
{"level":"error","message":"Thu Aug 08 2024 POST /api/reset-password/email"}
{"level":"error","message":"Thu Aug 08 2024 POST /api/reset-password/email"}
{"level":"error","message":"Thu Aug 08 2024 GET /static/css/index.css"}
{"level":"error","message":"Thu Aug 08 2024 GET /reset-password"}
{"level":"error","message":"Thu Aug 08 2024 GET /static/css/index.css"}
{"level":"error","message":"Thu Aug 08 2024 POST /api/reset-password/email"}
{"level":"error","message":"Thu Aug 08 2024 GET /static/css/index.css"}
{"level":"error","message":"Thu Aug 08 2024 POST /api/reset-password/email"}
{"level":"error","message":"Thu Aug 08 2024 GET /static/css/index.css"}
{"level":"error","message":"Thu Aug 08 2024 POST /api/reset-password/email"}
{"level":"error","message":"Thu Aug 08 2024 GET /static/css/index.css"}
{"level":"error","message":"Thu Aug 08 2024 POST /api/reset-password/email"}
{"level":"error","message":"Thu Aug 08 2024 POST /api/reset-password/email"}
{"level":"error","message":"Thu Aug 08 2024 POST /api/reset-password/email"}
{"level":"error","message":"Thu Aug 08 2024 POST /api/reset-password/email"}
{"level":"error","message":"Thu Aug 08 2024 POST /api/reset-password/email"}
{"level":"error","message":"Thu Aug 08 2024 GET /static/css/index.css"}
{"level":"error","message":"Thu Aug 08 2024 GET /login"}
{"level":"error","message":"Thu Aug 08 2024 GET /static/css/index.css"}
{"level":"error","message":"Thu Aug 08 2024 GET /api/reset-password/request-email"}
{"level":"error","message":"Thu Aug 08 2024 GET /static/css/index.css"}
{"level":"error","message":"Thu Aug 08 2024 POST /api/reset-password/email"}
{"level":"error","message":"Thu Aug 08 2024 GET /static/css/index.css"}
{"level":"error","message":"Thu Aug 08 2024 GET /login"}
{"level":"error","message":"Thu Aug 08 2024 GET /static/css/index.css"}
{"level":"error","message":"Thu Aug 08 2024 GET /api/reset-password/request-email"}
{"level":"error","message":"Thu Aug 08 2024 GET /static/css/index.css"}
{"level":"error","message":"Thu Aug 08 2024 POST /api/reset-password/email"}
{"level":"error","message":"Thu Aug 08 2024 GET /static/css/index.css"}
{"level":"error","message":"Thu Aug 08 2024 GET /login"}
{"level":"error","message":"Thu Aug 08 2024 GET /static/css/index.css"}
{"level":"error","message":"Thu Aug 08 2024 GET /reset-password/6692fd8fb92ea5609d53d1fc"}
{"level":"error","message":"Thu Aug 08 2024 GET /reset-password/6692fd8fb92ea5609d53d1fc"}
{"level":"error","message":"Thu Aug 08 2024 GET /login"}
{"level":"error","message":"Thu Aug 08 2024 GET /static/css/index.css"}
{"level":"error","message":"Thu Aug 08 2024 GET /api/reset-password/request-email"}
{"level":"error","message":"Thu Aug 08 2024 GET /static/css/index.css"}
{"level":"error","message":"Thu Aug 08 2024 POST /api/reset-password/email"}
{"level":"error","message":"Thu Aug 08 2024 GET /static/css/index.css"}
{"level":"error","message":"Thu Aug 08 2024 GET /api/reset-password/6692fd8fb92ea5609d53d1fc"}
{"level":"error","message":"Thu Aug 08 2024 GET /api/reset-password/6692fd8fb92ea5609d53d1fc"}
{"level":"error","message":"Thu Aug 08 2024 GET /static/css/index.css"}
{"level":"error","message":"Thu Aug 08 2024 GET /login"}
{"level":"error","message":"Thu Aug 08 2024 GET /static/css/index.css"}
{"level":"error","message":"Thu Aug 08 2024 GET /api/reset-password/request-email"}
{"level":"error","message":"Thu Aug 08 2024 GET /static/css/index.css"}
{"level":"error","message":"Thu Aug 08 2024 POST /api/reset-password/email"}
{"level":"error","message":"Thu Aug 08 2024 GET /static/css/index.css"}
{"level":"error","message":"Thu Aug 08 2024 GET /api/reset-password/request-email"}
{"level":"error","message":"Thu Aug 08 2024 GET /static/css/index.css"}
{"level":"error","message":"Thu Aug 08 2024 POST /api/reset-password/email"}
{"level":"error","message":"Thu Aug 08 2024 GET /static/css/index.css"}
{"level":"error","message":"Thu Aug 08 2024 GET /api/reset-password/6696d9e87966889d18b245b3"}
{"level":"error","message":"Thu Aug 08 2024 GET /static/css/index.css"}
{"level":"error","message":"Thu Aug 08 2024 GET /api/reset-password/6696d9e87966889d18b245b3"}
{"level":"error","message":"Thu Aug 08 2024 GET /static/css/index.css"}
{"level":"error","message":"Thu Aug 08 2024 GET /login"}
{"level":"error","message":"Thu Aug 08 2024 GET /static/css/index.css"}
{"level":"error","message":"Thu Aug 08 2024 GET /api/reset-password/request-email"}
{"level":"error","message":"Thu Aug 08 2024 GET /static/css/index.css"}
{"level":"error","message":"Thu Aug 08 2024 POST /api/reset-password/email"}
{"level":"error","message":"Thu Aug 08 2024 GET /static/css/index.css"}
{"level":"error","message":"Thu Aug 08 2024 GET /api/reset-password/6696d9e87966889d18b245b3"}
{"level":"error","message":"Thu Aug 08 2024 GET /static/css/index.css"}
{"level":"error","message":"Thu Aug 08 2024 GET /login"}
{"level":"error","message":"Thu Aug 08 2024 GET /static/css/index.css"}
{"level":"error","message":"Thu Aug 08 2024 GET /api/reset-password/request-email"}
{"level":"error","message":"Thu Aug 08 2024 GET /static/css/index.css"}
{"level":"error","message":"Thu Aug 08 2024 POST /api/reset-password/email"}
{"level":"error","message":"Thu Aug 08 2024 GET /static/css/index.css"}
{"level":"error","message":"Thu Aug 08 2024 GET /login"}
{"level":"error","message":"Thu Aug 08 2024 GET /static/css/index.css"}
{"level":"error","message":"Thu Aug 08 2024 GET /api/reset-password/request-email"}
{"level":"error","message":"Thu Aug 08 2024 GET /static/css/index.css"}
{"level":"error","message":"Thu Aug 08 2024 POST /api/reset-password/email"}
{"level":"error","message":"Thu Aug 08 2024 GET /static/css/index.css"}
{"level":"error","message":"Thu Aug 08 2024 GET /api/reset-password/66b4d8734a73671260e236b7"}
{"level":"error","message":"Thu Aug 08 2024 GET /static/css/index.css"}
{"level":"error","message":"Thu Aug 08 2024 GET /api/reset-password/66b4d8734a73671260e236b7?token=&password=jhsdcbiuduos"}
{"level":"error","message":"Thu Aug 08 2024 GET /static/css/index.css"}
{"level":"error","message":"Thu Aug 08 2024 GET /api/reset-password/66b4d8734a73671260e236b7?token=&password=jhsdcbiuduos"}
{"level":"error","message":"Thu Aug 08 2024 GET /static/css/index.css"}
{"level":"error","message":"Thu Aug 08 2024 GET /api/reset-password/66b4d8734a73671260e236b7"}
{"level":"error","message":"Thu Aug 08 2024 GET /static/css/index.css"}
{"level":"error","message":"Thu Aug 08 2024 GET /api/reset-password/66b4d8734a73671260e236b7?password=aser"}
{"level":"error","message":"Thu Aug 08 2024 GET /static/css/index.css"}
{"level":"error","message":"Thu Aug 08 2024 GET /api/reset-password/66b4d8734a73671260e236b7?password=zxc+xz"}
{"level":"error","message":"Thu Aug 08 2024 GET /static/css/index.css"}
{"level":"error","message":"Thu Aug 08 2024 GET /api/reset-password/66b4d8734a73671260e236b7?password=zxc+xz"}
{"level":"error","message":"Thu Aug 08 2024 GET /static/css/index.css"}
{"level":"error","message":"Thu Aug 08 2024 GET /api/reset-password/66b4d8734a73671260e236b7"}
{"level":"error","message":"Thu Aug 08 2024 GET /static/css/index.css"}
{"level":"error","message":"Thu Aug 08 2024 GET /api/reset-password/66b4d8734a73671260e236b7"}
{"level":"error","message":"Thu Aug 08 2024 GET /static/css/index.css"}
{"level":"error","message":"Thu Aug 08 2024 GET /api/reset-password/66b4d8734a73671260e236b7"}
{"level":"error","message":"Thu Aug 08 2024 GET /static/css/index.css"}
{"level":"error","message":"Thu Aug 08 2024 GET /api/reset-password/66b4d8734a73671260e236b7"}
{"level":"error","message":"Thu Aug 08 2024 GET /api/reset-password/66b4d8734a73671260e236b7"}
{"level":"error","message":"Thu Aug 08 2024 GET /api/reset-password/66b4d8734a73671260e236b7"}
{"level":"error","message":"Thu Aug 08 2024 GET /static/css/index.css"}
{"level":"error","message":"Thu Aug 08 2024 GET /api/reset-password/66b4d8734a73671260e236b7"}
{"level":"error","message":"Thu Aug 08 2024 GET /static/css/index.css"}
{"level":"error","message":"Thu Aug 08 2024 GET /api/reset-password/66b4d8734a73671260e236b7"}
{"level":"error","message":"Thu Aug 08 2024 GET /static/css/index.css"}
{"level":"error","message":"Thu Aug 08 2024 GET /api/reset-password/66b4d8734a73671260e236b7"}
{"level":"error","message":"Thu Aug 08 2024 GET /api/reset-password/66b4d8734a73671260e236b7"}
{"level":"error","message":"Thu Aug 08 2024 GET /api/reset-password/66b4d8734a73671260e236b7"}
{"level":"error","message":"Thu Aug 08 2024 GET /api/reset-password/66b4d8734a73671260e236b7"}
{"level":"error","message":"Thu Aug 08 2024 GET /api/reset-password/66b4d8734a73671260e236b7"}
{"level":"error","message":"Thu Aug 08 2024 GET /api/reset-password/66b4d8734a73671260e236b7"}
{"level":"error","message":"Thu Aug 08 2024 GET /api/reset-password/66b4d8734a73671260e236b7"}
{"level":"error","message":"Thu Aug 08 2024 GET /api/reset-password/66b4d8734a73671260e236b7"}
{"level":"error","message":"Thu Aug 08 2024 GET /api/reset-password/66b4d8734a73671260e236b7"}
{"level":"error","message":"Thu Aug 08 2024 GET /api/reset-password/66b4d8734a73671260e236b7"}
{"level":"error","message":"Thu Aug 08 2024 GET /api/reset-password/66b4d8734a73671260e236b7"}
{"level":"error","message":"Thu Aug 08 2024 GET /api/reset-password/66b4d8734a73671260e236b7"}
{"level":"error","message":"Thu Aug 08 2024 GET /api/reset-password/66b4d8734a73671260e236b7"}
{"level":"error","message":"Thu Aug 08 2024 GET /static/css/index.css"}
{"level":"error","message":"Thu Aug 08 2024 GET /api/reset-password/66b4d8734a73671260e236b7"}
{"level":"error","message":"Thu Aug 08 2024 GET /static/css/index.css"}
{"level":"error","message":"Thu Aug 08 2024 GET /login"}
{"level":"error","message":"Thu Aug 08 2024 GET /static/css/index.css"}
{"level":"error","message":"Thu Aug 08 2024 GET /api/reset-password/request-email"}
{"level":"error","message":"Thu Aug 08 2024 GET /static/css/index.css"}
{"level":"error","message":"Thu Aug 08 2024 POST /api/reset-password/email"}
{"level":"error","message":"Thu Aug 08 2024 GET /static/css/index.css"}
{"level":"error","message":"Thu Aug 08 2024 GET /login"}
{"level":"error","message":"Thu Aug 08 2024 GET /static/css/index.css"}
{"level":"error","message":"Thu Aug 08 2024 GET /api/reset-password/66b4e370ed351e3c469c92aa"}
{"level":"error","message":"Thu Aug 08 2024 GET /static/css/index.css"}
{"level":"error","message":"Thu Aug 08 2024 GET /api/reset-password?password=der"}
{"level":"error","message":"Thu Aug 08 2024 GET /login"}
{"level":"error","message":"Thu Aug 08 2024 GET /static/css/index.css"}
{"level":"error","message":"Thu Aug 08 2024 GET /api/reset-password/request-email"}
{"level":"error","message":"Thu Aug 08 2024 GET /static/css/index.css"}
{"level":"error","message":"Thu Aug 08 2024 POST /api/reset-password/email"}
{"level":"error","message":"Thu Aug 08 2024 GET /static/css/index.css"}
{"level":"error","message":"Thu Aug 08 2024 GET /api/reset-password/66b4e40d9a86da033a709ca9"}
{"level":"error","message":"Thu Aug 08 2024 GET /static/css/index.css"}
{"level":"error","message":"Thu Aug 08 2024 GET /api/reset-password?password=asdr"}
{"level":"error","message":"Thu Aug 08 2024 GET /login"}
{"level":"error","message":"Thu Aug 08 2024 GET /static/css/index.css"}
{"level":"error","message":"Thu Aug 08 2024 GET /api/reset-password/request-email"}
{"level":"error","message":"Thu Aug 08 2024 GET /static/css/index.css"}
{"level":"error","message":"Thu Aug 08 2024 POST /api/reset-password/email"}
{"level":"error","message":"Thu Aug 08 2024 GET /static/css/index.css"}
{"level":"error","message":"Thu Aug 08 2024 GET /login"}
{"level":"error","message":"Thu Aug 08 2024 GET /static/css/index.css"}
{"level":"error","message":"Thu Aug 08 2024 GET /api/reset-password/66b4e59a45456a112de370f9"}
{"level":"error","message":"Thu Aug 08 2024 GET /static/css/index.css"}
{"level":"error","message":"Thu Aug 08 2024 POST /api/reset-password/66b4e59a45456a112de370f9"}
{"level":"error","message":"Thu Aug 08 2024 POST /api/reset-password/66b4e59a45456a112de370f9"}
{"level":"error","message":"Thu Aug 08 2024 POST /api/reset-password/66b4e59a45456a112de370f9"}
{"level":"error","message":"Thu Aug 08 2024 GET /api/reset-password/66b4e59a45456a112de370f9"}
{"level":"error","message":"Thu Aug 08 2024 GET /static/css/index.css"}
{"level":"error","message":"Thu Aug 08 2024 GET /api/reset-password/66b4e59a45456a112de370f9?password=XZCVV"}
{"level":"error","message":"Thu Aug 08 2024 GET /static/css/index.css"}
{"level":"error","message":"Thu Aug 08 2024 GET /api/reset-password/66b4e59a45456a112de370f9?password=feds"}
{"level":"error","message":"Thu Aug 08 2024 GET /static/css/index.css"}
{"level":"error","message":"Thu Aug 08 2024 POST /api/reset-password/66b4e59a45456a112de370f9"}
{"level":"error","message":"Thu Aug 08 2024 POST /api/reset-password/66b4e59a45456a112de370f9"}
{"level":"error","message":"Thu Aug 08 2024 GET /login"}
{"level":"error","message":"Thu Aug 08 2024 GET /static/css/index.css"}
{"level":"error","message":"Thu Aug 08 2024 GET /api/reset-password/request-email"}
{"level":"error","message":"Thu Aug 08 2024 GET /static/css/index.css"}
{"level":"error","message":"Thu Aug 08 2024 POST /api/reset-password/email"}
{"level":"error","message":"Thu Aug 08 2024 GET /static/css/index.css"}
{"level":"error","message":"Thu Aug 08 2024 GET /login"}
{"level":"error","message":"Thu Aug 08 2024 GET /static/css/index.css"}
{"level":"error","message":"Thu Aug 08 2024 GET /api/reset-password/66b4e983b6567cdd03d45516"}
{"level":"error","message":"Thu Aug 08 2024 GET /static/css/index.css"}
{"level":"error","message":"Thu Aug 08 2024 POST /api/reset-password/66b4e59a45456a112de370f9"}
{"level":"error","message":"Thu Aug 08 2024 POST /api/reset-password/66b4e59a45456a112de370f9"}
{"level":"error","message":"Thu Aug 08 2024 POST /api/reset-password/66b4e59a45456a112de370f9"}
{"level":"error","message":"Thu Aug 08 2024 GET /static/css/index.css"}
{"level":"error","message":"Thu Aug 08 2024 GET /api/reset-password/66b4e983b6567cdd03d45516"}
{"level":"error","message":"Thu Aug 08 2024 GET /static/css/index.css"}
{"level":"error","message":"Thu Aug 08 2024 POST /api/reset-password/66b4e983b6567cdd03d45516"}
{"level":"error","message":"Thu Aug 08 2024 GET /login"}
{"level":"error","message":"Thu Aug 08 2024 GET /static/css/index.css"}
{"level":"error","message":"Thu Aug 08 2024 GET /api/reset-password/request-email"}
{"level":"error","message":"Thu Aug 08 2024 GET /static/css/index.css"}
{"level":"error","message":"Thu Aug 08 2024 POST /api/reset-password/email"}
{"level":"error","message":"Thu Aug 08 2024 GET /static/css/index.css"}
{"level":"error","message":"Thu Aug 08 2024 GET /api/reset-password/66b4e983b6567cdd03d45516"}
{"level":"error","message":"Thu Aug 08 2024 GET /api/reset-password/66b4e983b6567cdd03d45516"}
{"level":"error","message":"Thu Aug 08 2024 GET /static/css/index.css"}
{"level":"error","message":"Thu Aug 08 2024 GET /api/reset-password/66b4e983b6567cdd03d45516"}
{"level":"error","message":"Thu Aug 08 2024 GET /static/css/index.css"}
{"level":"error","message":"Thu Aug 08 2024 GET /api/reset-password/66b4e983b6567cdd03d45516"}
{"level":"error","message":"Thu Aug 08 2024 GET /static/css/index.css"}
{"level":"error","message":"Thu Aug 08 2024 POST /api/reset-password/6692fd8fb92ea5609d53d1fc"}
{"level":"error","message":"Thu Aug 08 2024 GET /api/reset-password/66b4e983b6567cdd03d45516"}
{"level":"error","message":"Thu Aug 08 2024 GET /static/css/index.css"}
{"level":"error","message":"Thu Aug 08 2024 POST /api/reset-password/6692fd8fb92ea5609d53d1fc"}
{"level":"error","message":"Thu Aug 08 2024 POST /api/reset-password/6692fd8fb92ea5609d53d1fc"}
{"level":"error","message":"Thu Aug 08 2024 GET /api/reset-password/66b4e983b6567cdd03d45516"}
{"level":"error","message":"Thu Aug 08 2024 GET /static/css/index.css"}
{"level":"error","message":"Thu Aug 08 2024 POST /api/reset-password/6692fd8fb92ea5609d53d1fc"}
{"level":"error","message":"Thu Aug 08 2024 GET /api/reset-password/66b4e983b6567cdd03d45516"}
{"level":"error","message":"Thu Aug 08 2024 GET /static/css/index.css"}
{"level":"error","message":"Thu Aug 08 2024 POST /api/reset-password/6692fd8fb92ea5609d53d1fc"}
{"level":"error","message":"Thu Aug 08 2024 GET /api/reset-password/66b4e983b6567cdd03d45516"}
{"level":"error","message":"Thu Aug 08 2024 GET /static/css/index.css"}
{"level":"error","message":"Thu Aug 08 2024 POST /api/reset-password/6692fd8fb92ea5609d53d1fc"}
{"level":"error","message":"Thu Aug 08 2024 GET /api/reset-password/66b4e983b6567cdd03d45516"}
{"level":"error","message":"Thu Aug 08 2024 GET /static/css/index.css"}
{"level":"error","message":"Thu Aug 08 2024 POST /api/reset-password/6692fd8fb92ea5609d53d1fc"}
{"level":"error","message":"Thu Aug 08 2024 GET /api/reset-password/66b4e983b6567cdd03d45516"}
{"level":"error","message":"Thu Aug 08 2024 GET /static/css/index.css"}
{"level":"error","message":"Thu Aug 08 2024 POST /api/reset-password/6692fd8fb92ea5609d53d1fc"}
{"level":"error","message":"Thu Aug 08 2024 GET /api/reset-password/66b4e983b6567cdd03d45516"}
{"level":"error","message":"Thu Aug 08 2024 GET /static/css/index.css"}
{"level":"error","message":"Thu Aug 08 2024 POST /api/reset-password/6692fd8fb92ea5609d53d1fc"}
{"level":"error","message":"Thu Aug 08 2024 GET /api/reset-password/66b4e983b6567cdd03d45516"}
{"level":"error","message":"Thu Aug 08 2024 GET /static/css/index.css"}
{"level":"error","message":"Thu Aug 08 2024 POST /api/reset-password/6692fd8fb92ea5609d53d1fc"}
{"level":"error","message":"Thu Aug 08 2024 GET /api/reset-password/66b4ecffef3f129542003338"}
{"level":"error","message":"Thu Aug 08 2024 GET /static/css/index.css"}
{"level":"error","message":"Thu Aug 08 2024 POST /api/reset-password/6692fd8fb92ea5609d53d1fc"}
{"level":"error","message":"Thu Aug 08 2024 GET /login"}
{"level":"error","message":"Thu Aug 08 2024 GET /static/css/index.css"}
{"level":"error","message":"Thu Aug 08 2024 GET /api/reset-password/request-email"}
{"level":"error","message":"Thu Aug 08 2024 GET /static/css/index.css"}
{"level":"error","message":"Thu Aug 08 2024 POST /api/reset-password/email"}
{"level":"error","message":"Thu Aug 08 2024 GET /static/css/index.css"}
{"level":"error","message":"Thu Aug 08 2024 GET /login"}
{"level":"error","message":"Thu Aug 08 2024 GET /static/css/index.css"}
{"level":"error","message":"Thu Aug 08 2024 GET /api/reset-password/66b4f7132fd1ea7168878ea1"}
{"level":"error","message":"Thu Aug 08 2024 GET /static/css/index.css"}
{"level":"error","message":"Thu Aug 08 2024 POST /api/reset-password/6696d9e87966889d18b245b3"}
{"level":"error","message":"Thu Aug 08 2024 GET /static/css/index.css"}
{"level":"error","message":"Thu Aug 08 2024 GET /login"}
{"level":"error","message":"Thu Aug 08 2024 GET /static/css/index.css"}
{"level":"error","message":"Thu Aug 08 2024 GET /api/reset-password/request-email"}
{"level":"error","message":"Thu Aug 08 2024 GET /static/css/index.css"}
{"level":"error","message":"Thu Aug 08 2024 POST /api/reset-password/email"}
{"level":"error","message":"Thu Aug 08 2024 GET /static/css/index.css"}
{"level":"error","message":"Thu Aug 08 2024 GET /api/reset-password/66b4f787de8d026290153adb"}
{"level":"error","message":"Thu Aug 08 2024 GET /static/css/index.css"}
{"level":"error","message":"Thu Aug 08 2024 POST /api/reset-password/6696d9e87966889d18b245b3"}
{"level":"error","message":"Thu Aug 08 2024 GET /static/css/index.css"}
{"level":"error","message":"Thu Aug 08 2024 GET /login"}
{"level":"error","message":"Thu Aug 08 2024 GET /static/css/index.css"}
{"level":"error","message":"Thu Aug 08 2024 GET /api/reset-password/66b4f787de8d026290153adb"}
{"level":"error","message":"Thu Aug 08 2024 GET /static/css/index.css"}
{"level":"error","message":"Thu Aug 08 2024 POST /api/reset-password/6696d9e87966889d18b245b3"}
{"level":"error","message":"Thu Aug 08 2024 GET /static/css/index.css"}
{"level":"error","message":"Thu Aug 08 2024 GET /api/reset-password/66b4f787de8d026290153adb"}
{"level":"error","message":"Thu Aug 08 2024 GET /static/css/index.css"}
{"level":"error","message":"Thu Aug 08 2024 POST /api/reset-password/6696d9e87966889d18b245b3"}
{"level":"error","message":"Thu Aug 08 2024 GET /static/css/index.css"}
{"level":"error","message":"Thu Aug 08 2024 GET /login"}
{"level":"error","message":"Thu Aug 08 2024 GET /static/css/index.css"}
{"level":"error","message":"Thu Aug 08 2024 GET /api/reset-password/66b4f787de8d026290153adb"}
{"level":"error","message":"Thu Aug 08 2024 GET /static/css/index.css"}
{"level":"error","message":"Thu Aug 08 2024 POST /api/reset-password/6696d9e87966889d18b245b3"}
{"level":"error","message":"Thu Aug 08 2024 GET /static/css/index.css"}
{"level":"error","message":"Thu Aug 08 2024 GET /login"}
{"level":"error","message":"Thu Aug 08 2024 GET /static/css/index.css"}
{"level":"error","message":"Thu Aug 08 2024 POST /api/sessions/login"}
{"level":"error","message":"Thu Aug 08 2024 GET /login?error=Usuario%20o%20clave%20no%20v%C3%A1lidos"}
{"level":"error","message":"Thu Aug 08 2024 GET /static/css/index.css"}
{"level":"error","message":"Thu Aug 08 2024 POST /api/sessions/login"}
{"level":"error","message":"Thu Aug 08 2024 GET /realtimeproducts"}
{"level":"error","message":"Thu Aug 08 2024 GET /static/css/index.css"}
{"level":"error","message":"Thu Aug 08 2024 GET /api/sessions/logout?"}
{"level":"error","message":"Thu Aug 08 2024 GET /login"}
{"level":"error","message":"Thu Aug 08 2024 GET /static/css/index.css"}
{"level":"error","message":"Thu Aug 08 2024 GET /api/reset-password/66b4f787de8d026290153adb"}
{"level":"error","message":"Thu Aug 08 2024 GET /static/css/index.css"}
{"level":"error","message":"Thu Aug 08 2024 POST /api/reset-password/6696d9e87966889d18b245b3"}
{"level":"error","message":"Thu Aug 08 2024 GET /static/css/index.css"}
{"level":"error","message":"Thu Aug 08 2024 GET /login"}
{"level":"error","message":"Thu Aug 08 2024 GET /static/css/index.css"}
{"level":"error","message":"Thu Aug 08 2024 POST /api/sessions/login"}
{"level":"error","message":"Thu Aug 08 2024 GET /realtimeproducts"}
{"level":"error","message":"Thu Aug 08 2024 GET /static/css/index.css"}
{"level":"error","message":"Thu Aug 08 2024 GET /api/sessions/logout?"}
{"level":"error","message":"Thu Aug 08 2024 GET /login"}
{"level":"error","message":"Thu Aug 08 2024 GET /static/css/index.css"}
{"level":"error","message":"Thu Aug 08 2024 GET /api/reset-password/66b4f787de8d026290153adb"}
{"level":"error","message":"Thu Aug 08 2024 GET /static/css/index.css"}
{"level":"error","message":"Thu Aug 08 2024 POST /api/reset-password/6696d9e87966889d18b245b3"}
{"level":"error","message":"Thu Aug 08 2024 GET /static/css/index.css"}
{"level":"error","message":"Thu Aug 08 2024 GET /login"}
{"level":"error","message":"Thu Aug 08 2024 GET /static/css/index.css"}
{"level":"error","message":"Thu Aug 08 2024 GET /api/reset-password/66b4f787de8d026290153adb"}
{"level":"error","message":"Thu Aug 08 2024 GET /static/css/index.css"}
{"level":"error","message":"Thu Aug 08 2024 POST /api/reset-password/6696d9e87966889d18b245b3"}
{"level":"error","message":"Thu Aug 08 2024 GET /static/css/index.css"}
{"level":"error","message":"Thu Aug 08 2024 GET /login"}
{"level":"error","message":"Thu Aug 08 2024 GET /static/css/index.css"}
{"level":"error","message":"Thu Aug 08 2024 GET /api/reset-password/request-email"}
{"level":"error","message":"Thu Aug 08 2024 GET /static/css/index.css"}
{"level":"error","message":"Thu Aug 08 2024 GET /api/reset-password/66b4f787de8d026290153adb"}
{"level":"error","message":"Thu Aug 08 2024 GET /static/css/index.css"}
{"level":"error","message":"Thu Aug 08 2024 POST /api/reset-password/6696d9e87966889d18b245b3"}
{"level":"error","message":"Thu Aug 08 2024 GET /static/css/index.css"}
{"level":"error","message":"Thu Aug 08 2024 GET /login"}
{"level":"error","message":"Thu Aug 08 2024 GET /static/css/index.css"}
{"level":"error","message":"Thu Aug 08 2024 GET /register"}
{"level":"error","message":"Thu Aug 08 2024 GET /static/css/index.css"}
{"level":"error","message":"Thu Aug 08 2024 GET /login"}
{"level":"error","message":"Thu Aug 08 2024 GET /static/css/index.css"}
{"level":"error","message":"Thu Aug 08 2024 GET /api/reset-password/request-email"}
{"level":"error","message":"Thu Aug 08 2024 GET /static/css/index.css"}
{"level":"error","message":"Thu Aug 08 2024 GET /api/reset-password/66b4f787de8d026290153adb"}
{"level":"error","message":"Thu Aug 08 2024 GET /static/css/index.css"}
{"level":"error","message":"Thu Aug 08 2024 POST /api/reset-password/6696d9e87966889d18b245b3"}
{"level":"error","message":"Thu Aug 08 2024 GET /static/css/index.css"}
{"level":"error","message":"Thu Aug 08 2024 GET /login"}
{"level":"error","message":"Thu Aug 08 2024 GET /static/css/index.css"}
{"level":"error","message":"Thu Aug 08 2024 GET /api/reset-password/66b4f787de8d026290153adb"}
{"level":"error","message":"Thu Aug 08 2024 GET /static/css/index.css"}
{"level":"error","message":"Thu Aug 08 2024 POST /api/reset-password/6696d9e87966889d18b245b3"}
{"level":"error","message":"Thu Aug 08 2024 GET /static/css/index.css"}
{"level":"error","message":"Thu Aug 08 2024 GET /api/reset-password/66b4f787de8d026290153adb"}
{"level":"error","message":"Thu Aug 08 2024 GET /static/css/index.css"}
{"level":"error","message":"Thu Aug 08 2024 POST /api/reset-password/6696d9e87966889d18b245b3"}
{"level":"error","message":"Thu Aug 08 2024 GET /static/css/index.css"}
{"level":"error","message":"Thu Aug 08 2024 GET /api/reset-password/66b4f787de8d026290153adb"}
{"level":"error","message":"Thu Aug 08 2024 GET /static/css/index.css"}
{"level":"error","message":"Thu Aug 08 2024 POST /api/reset-password/6696d9e87966889d18b245b3"}
{"level":"error","message":"Thu Aug 08 2024 GET /static/css/index.css"}
{"level":"error","message":"Thu Aug 08 2024 GET /login"}
{"level":"error","message":"Thu Aug 08 2024 GET /static/css/index.css"}
{"level":"error","message":"Thu Aug 08 2024 POST /api/sessions/login"}
{"level":"error","message":"Thu Aug 08 2024 GET /realtimeproducts"}
{"level":"error","message":"Thu Aug 08 2024 GET /static/css/index.css"}
{"level":"error","message":"Thu Aug 08 2024 GET /api/sessions/logout?"}
{"level":"error","message":"Thu Aug 08 2024 GET /login"}
{"level":"error","message":"Thu Aug 08 2024 GET /static/css/index.css"}
{"level":"error","message":"Thu Aug 08 2024 GET /api/reset-password/request-email"}
{"level":"error","message":"Thu Aug 08 2024 GET /static/css/index.css"}
{"level":"error","message":"Thu Aug 08 2024 POST /api/reset-password/email"}
{"level":"error","message":"Thu Aug 08 2024 GET /static/css/index.css"}
{"level":"error","message":"Thu Aug 08 2024 GET /api/reset-password/66b4ff1bc3055d3ef93204e4"}
{"level":"error","message":"Thu Aug 08 2024 GET /static/css/index.css"}
{"level":"error","message":"Thu Aug 08 2024 POST /api/reset-password/6692fd8fb92ea5609d53d1fc"}
{"level":"error","message":"Thu Aug 08 2024 GET /static/css/index.css"}
{"level":"error","message":"Thu Aug 08 2024 GET /login"}
{"level":"error","message":"Thu Aug 08 2024 GET /static/css/index.css"}
{"level":"error","message":"Thu Aug 08 2024 POST /api/sessions/login"}
{"level":"error","message":"Thu Aug 08 2024 GET /products"}
{"level":"error","message":"Thu Aug 08 2024 GET /static/css/index.css"}
{"level":"error","message":"Thu Aug 08 2024 GET /api/sessions/logout?"}
{"level":"error","message":"Thu Aug 08 2024 GET /login"}
{"level":"error","message":"Thu Aug 08 2024 GET /static/css/index.css"}
{"level":"error","message":"Thu Aug 08 2024 GET /api/reset-password/request-email"}
{"level":"error","message":"Thu Aug 08 2024 GET /static/css/index.css"}
{"level":"error","message":"Mon Aug 12 2024 PUT /api/users/6696d9e87966889d18b245b3"}
{"level":"error","message":"Mon Aug 12 2024 PUT /api/users/6696d9e87966889d18b245b3"}
{"level":"error","message":"Mon Aug 12 2024 PUT /api/users/6696d9e87966889d18b245b3"}
{"level":"error","message":"Mon Aug 12 2024 PUT /api/users/6696d9e87966889d18b245b3"}
{"level":"error","message":"Mon Aug 12 2024 PUT /api/users/6692fd8fb92ea5609d53d1fc"}
{"level":"error","message":"Mon Aug 12 2024 PUT /api/users/6692fd8fb92ea5609d53d1fc"}
{"level":"error","message":"Mon Aug 12 2024 PUT /api/users/6692fd8fb92ea5609d53d1fc"}
{"level":"error","message":"Mon Aug 12 2024 PUT /api/users/6692fd8fb92ea5609d53d1fc"}
{"level":"error","message":"Mon Aug 12 2024 PUT /api/users/6692fd8fb92ea5609d53d1fc"}
{"level":"error","message":"Mon Aug 12 2024 PUT /api/users/6692fd8fb92ea5609d53d1fc"}
{"level":"error","message":"Mon Aug 12 2024 PUT /api/users/6692fd8fb92ea5609d53d1fc"}
{"level":"error","message":"Mon Aug 12 2024 PUT /api/users/6692fd8fb92ea5609d53d1fc"}
{"level":"error","message":"Mon Aug 12 2024 PUT /api/users/6692fd8fb92ea5609d53d1fc"}
{"level":"error","message":"Mon Aug 12 2024 PUT /api/users/6692fd8fb92ea5609d53d1fc"}
{"level":"error","message":"Mon Aug 12 2024 PUT /api/users/6692fd8fb92ea5609d53d1fc"}
{"level":"error","message":"Mon Aug 12 2024 PUT /api/users/6692fd8fb92ea5609d53d1fc"}
{"level":"error","message":"Mon Aug 12 2024 PUT /api/users/6692fd8fb92ea5609d53d1fc"}
{"level":"error","message":"Mon Aug 12 2024 PUT /api/users/6692fd8fb92ea5609d53d1fc"}
{"level":"error","message":"Tue Aug 13 2024 GET /login"}
{"level":"error","message":"Tue Aug 13 2024 GET /static/css/index.css"}
{"level":"error","message":"Tue Aug 13 2024 GET /favicon.ico"}
{"level":"error","message":"Tue Aug 13 2024 POST /api/sessions/login"}
{"level":"error","message":"Tue Aug 13 2024 GET /realtimeproducts"}
{"level":"error","message":"Tue Aug 13 2024 GET /static/css/index.css"}
{"level":"error","message":"Tue Aug 13 2024 GET /modify/6655f0866c9883b13800f517"}
{"level":"error","message":"Tue Aug 13 2024 GET /static/css/index.css"}
{"level":"error","message":"Tue Aug 13 2024 GET /realtimeproducts"}
{"level":"error","message":"Tue Aug 13 2024 GET /static/css/index.css"}
{"level":"error","message":"Tue Aug 13 2024 POST /api/products"}
{"level":"error","message":"Tue Aug 13 2024 POST /api/products"}
{"level":"error","message":"Tue Aug 13 2024 GET /realtimeproducts"}
{"level":"error","message":"Tue Aug 13 2024 GET /login"}
{"level":"error","message":"Tue Aug 13 2024 GET /static/css/index.css"}
{"level":"error","message":"Tue Aug 13 2024 POST /api/sessions/login"}
{"level":"error","message":"Tue Aug 13 2024 GET /realtimeproducts"}
{"level":"error","message":"Tue Aug 13 2024 GET /static/css/index.css"}
{"level":"error","message":"Tue Aug 13 2024 POST /api/products"}
{"level":"error","message":"Tue Aug 13 2024 GET /realtimeproducts"}
{"level":"error","message":"Tue Aug 13 2024 GET /login"}
{"level":"error","message":"Tue Aug 13 2024 GET /static/css/index.css"}
{"level":"error","message":"Tue Aug 13 2024 POST /api/sessions/login"}
{"level":"error","message":"Tue Aug 13 2024 GET /realtimeproducts"}
{"level":"error","message":"Tue Aug 13 2024 GET /static/css/index.css"}
{"level":"error","message":"Tue Aug 13 2024 POST /api/products"}
{"level":"error","message":"Tue Aug 13 2024 GET /realtimeproducts"}
{"level":"error","message":"Tue Aug 13 2024 GET /static/css/index.css"}
{"level":"error","message":"Tue Aug 13 2024 GET /realtimeproducts?page=3"}
{"level":"error","message":"Tue Aug 13 2024 GET /static/css/index.css"}
{"level":"error","message":"Tue Aug 13 2024 GET /realtimeproducts?page=2"}
{"level":"error","message":"Tue Aug 13 2024 GET /static/css/index.css"}
{"level":"error","message":"Tue Aug 13 2024 GET /realtimeproducts?page=2"}
{"level":"error","message":"Tue Aug 13 2024 GET /login"}
{"level":"error","message":"Tue Aug 13 2024 GET /static/css/index.css"}
{"level":"error","message":"Tue Aug 13 2024 POST /api/sessions/login"}
{"level":"error","message":"Tue Aug 13 2024 GET /realtimeproducts"}
{"level":"error","message":"Tue Aug 13 2024 GET /static/css/index.css"}
{"level":"error","message":"Tue Aug 13 2024 GET /realtimeproducts?page=2"}
{"level":"error","message":"Tue Aug 13 2024 GET /static/css/index.css"}
{"level":"error","message":"Tue Aug 13 2024 DELETE /api/products/66bba5a8a77a0ed7729a6c2f"}
{"level":"error","message":"Tue Aug 13 2024 GET /realtimeproducts?page=2"}
{"level":"error","message":"Tue Aug 13 2024 GET /static/css/index.css"}
{"level":"error","message":"Tue Aug 13 2024 GET /api/sessions/logout?"}
{"level":"error","message":"Tue Aug 13 2024 GET /login"}
{"level":"error","message":"Tue Aug 13 2024 GET /static/css/index.css"}
{"level":"error","message":"Tue Aug 13 2024 GET /api/sessions/ghlogin"}
{"level":"error","message":"Tue Aug 13 2024 GET /api/sessions/ghlogincallback?code=e662ec3731f57458f1bb"}
{"level":"error","message":"Tue Aug 13 2024 GET /products"}
{"level":"error","message":"Tue Aug 13 2024 GET /static/css/index.css"}
{"level":"error","message":"Tue Aug 13 2024 POST /api/carts/6692fd8fb92ea5609d53d1fe/product/6655f0866c9883b13800f517"}
{"level":"error","message":"Tue Aug 13 2024 POST /api/carts/6692fd8fb92ea5609d53d1fe/product/6655f0866c9883b13800f516"}
{"level":"error","message":"Tue Aug 13 2024 POST /api/carts/6692fd8fb92ea5609d53d1fe/product/6655f0866c9883b13800f515"}
{"level":"error","message":"Tue Aug 13 2024 GET /products"}
{"level":"error","message":"Tue Aug 13 2024 GET /static/css/index.css"}
{"level":"error","message":"Tue Aug 13 2024 POST /api/carts/6692fd8fb92ea5609d53d1fe/product/6655f0866c9883b13800f515"}
{"level":"error","message":"Tue Aug 13 2024 GET /api/carts/6692fd8fb92ea5609d53d1fe"}
{"level":"error","message":"Tue Aug 13 2024 GET /static/css/index.css"}
{"level":"error","message":"Tue Aug 13 2024 DELETE /api/carts/6692fd8fb92ea5609d53d1fe/product/6655f0866c9883b13800f515"}
{"level":"error","message":"Tue Aug 13 2024 GET /api/carts/6692fd8fb92ea5609d53d1fe"}
{"level":"error","message":"Tue Aug 13 2024 GET /static/css/index.css"}
{"level":"error","message":"Tue Aug 13 2024 POST /api/carts/6692fd8fb92ea5609d53d1fe/purchase"}
{"level":"error","message":"Tue Aug 13 2024 GET /api/carts/6692fd8fb92ea5609d53d1fe"}
{"level":"error","message":"Tue Aug 13 2024 GET /static/css/index.css"}
{"level":"error","message":"Tue Aug 13 2024 GET /products"}
{"level":"error","message":"Tue Aug 13 2024 GET /static/css/index.css"}
{"level":"error","message":"Tue Aug 13 2024 POST /api/carts/6692fd8fb92ea5609d53d1fe/product/6655f0866c9883b13800f517"}
{"level":"error","message":"Tue Aug 13 2024 GET /api/carts/6692fd8fb92ea5609d53d1fe"}
{"level":"error","message":"Tue Aug 13 2024 GET /static/css/index.css"}
{"level":"error","message":"Tue Aug 13 2024 POST /api/carts/6692fd8fb92ea5609d53d1fe/purchase"}
{"level":"error","message":"Tue Aug 13 2024 GET /api/carts/6692fd8fb92ea5609d53d1fe"}
{"level":"error","message":"Tue Aug 13 2024 GET /static/css/index.css"}
{"level":"error","message":"Tue Aug 13 2024 GET /api/sessions/logout?"}
{"level":"error","message":"Tue Aug 13 2024 GET /login"}
{"level":"error","message":"Tue Aug 13 2024 GET /static/css/index.css"}
{"level":"error","message":"Tue Aug 13 2024 GET /register"}
{"level":"error","message":"Tue Aug 13 2024 GET /static/css/index.css"}
{"level":"error","message":"Tue Aug 13 2024 POST /api/sessions/register"}
{"level":"error","message":"Tue Aug 13 2024 GET /products"}
{"level":"error","message":"Tue Aug 13 2024 GET /static/css/index.css"}
{"level":"error","message":"Tue Aug 13 2024 PUT /api/users/66bbae3a9080ca5f202ef1e3"}
{"level":"error","message":"Tue Aug 13 2024 GET /api/sessions/logout?"}
{"level":"error","message":"Tue Aug 13 2024 GET /login"}
{"level":"error","message":"Tue Aug 13 2024 GET /static/css/index.css"}
{"level":"error","message":"Tue Aug 13 2024 POST /api/sessions/login"}
{"level":"error","message":"Tue Aug 13 2024 GET /products"}
{"level":"error","message":"Tue Aug 13 2024 GET /login"}
{"level":"error","message":"Tue Aug 13 2024 GET /static/css/index.css"}
{"level":"error","message":"Tue Aug 13 2024 POST /api/sessions/login"}
{"level":"error","message":"Tue Aug 13 2024 GET /products"}
{"level":"error","message":"Tue Aug 13 2024 GET /products"}
{"level":"error","message":"Tue Aug 13 2024 GET /products"}
{"level":"error","message":"Tue Aug 13 2024 GET /login"}
{"level":"error","message":"Tue Aug 13 2024 GET /static/css/index.css"}
{"level":"error","message":"Tue Aug 13 2024 POST /api/sessions/login"}
{"level":"error","message":"Tue Aug 13 2024 GET /products"}
{"level":"error","message":"Tue Aug 13 2024 GET /static/css/index.css"}
{"level":"error","message":"Tue Aug 13 2024 POST /api/carts/6692fd8fb92ea5609d53d1fe/product/6655f0866c9883b13800f517"}
{"level":"error","message":"Tue Aug 13 2024 GET /api/carts/6692fd8fb92ea5609d53d1fe"}
{"level":"error","message":"Tue Aug 13 2024 GET /static/css/index.css"}
{"level":"error","message":"Tue Aug 13 2024 DELETE /api/carts/6692fd8fb92ea5609d53d1fe/product/6655f0866c9883b13800f517"}
{"level":"error","message":"Tue Aug 13 2024 GET /api/carts/6692fd8fb92ea5609d53d1fe"}
{"level":"error","message":"Tue Aug 13 2024 GET /static/css/index.css"}
{"level":"error","message":"Tue Aug 13 2024 GET /api/sessions/logout?"}
{"level":"error","message":"Tue Aug 13 2024 GET /login"}
{"level":"error","message":"Tue Aug 13 2024 GET /static/css/index.css"}
{"level":"error","message":"Tue Aug 13 2024 POST /api/sessions/login"}
{"level":"error","message":"Tue Aug 13 2024 GET /realtimeproducts"}
{"level":"error","message":"Tue Aug 13 2024 GET /static/css/index.css"}
{"level":"error","message":"Tue Aug 13 2024 GET /api/sessions/logout?"}
{"level":"error","message":"Tue Aug 13 2024 GET /login"}
{"level":"error","message":"Tue Aug 13 2024 GET /static/css/index.css"}
{"level":"error","message":"Tue Aug 13 2024 POST /api/sessions/login"}
{"level":"error","message":"Tue Aug 13 2024 GET /products"}
{"level":"error","message":"Tue Aug 13 2024 GET /login"}
{"level":"error","message":"Tue Aug 13 2024 GET /static/css/index.css"}
{"level":"error","message":"Tue Aug 13 2024 POST /api/sessions/login"}
{"level":"error","message":"Tue Aug 13 2024 GET /products"}
{"level":"error","message":"Tue Aug 13 2024 GET /login"}
{"level":"error","message":"Tue Aug 13 2024 GET /static/css/index.css"}
{"level":"error","message":"Tue Aug 13 2024 POST /api/sessions/login"}
{"level":"error","message":"Tue Aug 13 2024 GET /products"}
{"level":"error","message":"Tue Aug 13 2024 GET /static/css/index.css"}
{"level":"error","message":"Tue Aug 13 2024 GET /api/sessions/logout?"}
{"level":"error","message":"Tue Aug 13 2024 GET /login"}
{"level":"error","message":"Tue Aug 13 2024 GET /static/css/index.css"}
{"level":"error","message":"Tue Aug 13 2024 GET /login"}
{"level":"error","message":"Tue Aug 13 2024 GET /static/css/index.css"}
{"level":"error","message":"Tue Aug 13 2024 POST /api/sessions/login"}
{"level":"error","message":"Tue Aug 13 2024 GET /products"}
{"level":"error","message":"Tue Aug 13 2024 GET /static/css/index.css"}
{"level":"error","message":"Tue Aug 13 2024 GET /api/sessions/logout?"}
{"level":"error","message":"Tue Aug 13 2024 GET /login"}
{"level":"error","message":"Tue Aug 13 2024 GET /static/css/index.css"}
{"level":"error","message":"Tue Aug 13 2024 POST /api/sessions/login"}
{"level":"error","message":"Tue Aug 13 2024 GET /login?error=Usuario%20o%20clave%20no%20v%C3%A1lidos"}
{"level":"error","message":"Tue Aug 13 2024 GET /static/css/index.css"}
{"level":"error","message":"Tue Aug 13 2024 POST /api/sessions/login"}
{"level":"error","message":"Tue Aug 13 2024 GET /products"}
{"level":"error","message":"Tue Aug 13 2024 GET /login"}
{"level":"error","message":"Tue Aug 13 2024 GET /static/css/index.css"}
{"level":"error","message":"Tue Aug 13 2024 POST /api/sessions/login"}
{"level":"error","message":"Tue Aug 13 2024 GET /api/sessions/products/premium"}
{"level":"error","message":"Tue Aug 13 2024 GET /login"}
{"level":"error","message":"Tue Aug 13 2024 GET /static/css/index.css"}
{"level":"error","message":"Tue Aug 13 2024 POST /api/sessions/login"}
{"level":"error","message":"Tue Aug 13 2024 GET /realtimeproducts"}
{"level":"error","message":"Tue Aug 13 2024 GET /static/css/index.css"}
{"level":"error","message":"Tue Aug 13 2024 GET /api/sessions/logout?"}
{"level":"error","message":"Tue Aug 13 2024 GET /login"}
{"level":"error","message":"Tue Aug 13 2024 GET /static/css/index.css"}
{"level":"error","message":"Tue Aug 13 2024 POST /api/sessions/login"}
{"level":"error","message":"Tue Aug 13 2024 GET /products"}
{"level":"error","message":"Tue Aug 13 2024 GET /static/css/index.css"}
{"level":"error","message":"Tue Aug 13 2024 GET /api/sessions/logout?"}
{"level":"error","message":"Tue Aug 13 2024 GET /login"}
{"level":"error","message":"Tue Aug 13 2024 GET /static/css/index.css"}
{"level":"error","message":"Tue Aug 13 2024 POST /api/sessions/login"}
{"level":"error","message":"Tue Aug 13 2024 GET /products/premium"}
{"level":"error","message":"Tue Aug 13 2024 GET /static/css/index.css"}
{"level":"error","message":"Tue Aug 13 2024 GET /products/premium?page=1"}
{"level":"error","message":"Tue Aug 13 2024 GET /static/css/index.css"}
{"level":"error","message":"Tue Aug 13 2024 GET /products/premium?page=1"}
{"level":"error","message":"Tue Aug 13 2024 GET /static/css/index.css"}
{"level":"error","message":"Tue Aug 13 2024 GET /products/premium?page=1"}
{"level":"error","message":"Tue Aug 13 2024 GET /static/css/index.css"}
{"level":"error","message":"Tue Aug 13 2024 POST /api/carts/66bbae3a9080ca5f202ef1e5/product/66bbbc5d0c134a6a936b6153"}
{"level":"error","message":"Tue Aug 13 2024 GET /api/carts/66bbae3a9080ca5f202ef1e5"}
{"level":"error","message":"Tue Aug 13 2024 GET /static/css/index.css"}
{"level":"error","message":"Tue Aug 13 2024 DELETE /api/carts/66bbae3a9080ca5f202ef1e5/product/66bbbc5d0c134a6a936b6153"}
{"level":"error","message":"Tue Aug 13 2024 GET /api/carts/66bbae3a9080ca5f202ef1e5"}
{"level":"error","message":"Tue Aug 13 2024 GET /static/css/index.css"}
{"level":"error","message":"Tue Aug 13 2024 GET /products"}
{"level":"error","message":"Tue Aug 13 2024 GET /products"}
{"level":"error","message":"Tue Aug 13 2024 GET /login"}
{"level":"error","message":"Tue Aug 13 2024 GET /static/css/index.css"}
{"level":"error","message":"Tue Aug 13 2024 POST /api/sessions/login"}
{"level":"error","message":"Tue Aug 13 2024 GET /products/premium"}
{"level":"error","message":"Tue Aug 13 2024 GET /static/css/index.css"}
{"level":"error","message":"Tue Aug 13 2024 GET /products/premium?page=2"}
{"level":"error","message":"Tue Aug 13 2024 GET /static/css/index.css"}
{"level":"error","message":"Tue Aug 13 2024 GET /products/premium?page=3"}
{"level":"error","message":"Tue Aug 13 2024 GET /static/css/index.css"}
{"level":"error","message":"Tue Aug 13 2024 GET /products/premium?page=1"}
{"level":"error","message":"Tue Aug 13 2024 GET /static/css/index.css"}
{"level":"error","message":"Tue Aug 13 2024 GET /products/premium?page=2"}
{"level":"error","message":"Tue Aug 13 2024 GET /static/css/index.css"}
{"level":"error","message":"Tue Aug 13 2024 GET /products/premium?page=1"}
{"level":"error","message":"Tue Aug 13 2024 GET /static/css/index.css"}
{"level":"error","message":"Tue Aug 13 2024 GET /products/premium?page=2"}
{"level":"error","message":"Tue Aug 13 2024 GET /static/css/index.css"}
{"level":"error","message":"Tue Aug 13 2024 GET /products/premium?page=1"}
{"level":"error","message":"Tue Aug 13 2024 GET /static/css/index.css"}
{"level":"error","message":"Tue Aug 13 2024 POST /api/carts/66bbae3a9080ca5f202ef1e5/product/66bbbc5d0c134a6a936b6153"}
{"level":"error","message":"Tue Aug 13 2024 GET /api/carts/66bbae3a9080ca5f202ef1e5"}
{"level":"error","message":"Tue Aug 13 2024 GET /static/css/index.css"}
{"level":"error","message":"Tue Aug 13 2024 DELETE /api/carts/66bbae3a9080ca5f202ef1e5"}
{"level":"error","message":"Tue Aug 13 2024 GET /api/carts/66bbae3a9080ca5f202ef1e5"}
{"level":"error","message":"Tue Aug 13 2024 GET /static/css/index.css"}
{"level":"error","message":"Tue Aug 13 2024 GET /products"}
{"level":"error","message":"Tue Aug 13 2024 GET /login"}
{"level":"error","message":"Tue Aug 13 2024 GET /static/css/index.css"}
{"level":"error","message":"Tue Aug 13 2024 POST /api/sessions/login"}
{"level":"error","message":"Tue Aug 13 2024 GET /products/premium"}
{"level":"error","message":"Tue Aug 13 2024 GET /static/css/index.css"}
{"level":"error","message":"Tue Aug 13 2024 GET /api/carts/66bbae3a9080ca5f202ef1e5"}
{"level":"error","message":"Tue Aug 13 2024 GET /static/css/index.css"}
{"level":"error","message":"Tue Aug 13 2024 GET /products"}
{"level":"error","message":"Tue Aug 13 2024 GET /login"}
{"level":"error","message":"Tue Aug 13 2024 GET /static/css/index.css"}
{"level":"error","message":"Tue Aug 13 2024 POST /api/sessions/login"}
{"level":"error","message":"Tue Aug 13 2024 GET /products/premium"}
{"level":"error","message":"Tue Aug 13 2024 GET /static/css/index.css"}
{"level":"error","message":"Tue Aug 13 2024 GET /api/carts/66bbae3a9080ca5f202ef1e5"}
{"level":"error","message":"Tue Aug 13 2024 GET /static/css/index.css"}
{"level":"error","message":"Tue Aug 13 2024 GET /products"}
{"level":"error","message":"Tue Aug 13 2024 GET /login"}
{"level":"error","message":"Tue Aug 13 2024 GET /static/css/index.css"}
{"level":"error","message":"Tue Aug 13 2024 POST /api/sessions/login"}
{"level":"error","message":"Tue Aug 13 2024 GET /products-premium"}
{"level":"error","message":"Tue Aug 13 2024 GET /static/css/index.css"}
{"level":"error","message":"Tue Aug 13 2024 GET /api/carts/66bbae3a9080ca5f202ef1e5"}
{"level":"error","message":"Tue Aug 13 2024 GET /static/css/index.css"}
{"level":"error","message":"Tue Aug 13 2024 GET /products"}
{"level":"error","message":"Tue Aug 13 2024 GET /login"}
{"level":"error","message":"Tue Aug 13 2024 GET /static/css/index.css"}
{"level":"error","message":"Tue Aug 13 2024 POST /api/sessions/login"}
{"level":"error","message":"Tue Aug 13 2024 GET /products-premium"}
{"level":"error","message":"Tue Aug 13 2024 GET /static/css/index.css"}
{"level":"error","message":"Tue Aug 13 2024 GET /api/carts/66bbae3a9080ca5f202ef1e5"}
{"level":"error","message":"Tue Aug 13 2024 GET /static/css/index.css"}
{"level":"error","message":"Tue Aug 13 2024 GET /products"}
